<?xml version="1.0" encoding="UTF-8"?>
<!-- Generated by org.testng.reporters.JUnitXMLReporter -->
<testsuite hostname="E0363753" ignored="0" name="Regression Test 11" tests="1" failures="0" timestamp="01 Oct 2018 13:21:02 GMT" time="33.084" errors="0">
  <testcase name="@BeforeTest startGrid" time="33.028" classname="testcases.GridBase">
    <failure type="org.openqa.selenium.WebDriverException" message="Unable to parse remote response: &amp;lt;HEAD&amp;gt;&amp;lt;TITLE&amp;gt;Connection Timed Out&amp;lt;/TITLE&amp;gt;&amp;lt;/HEAD&amp;gt;
&amp;lt;BODY BGCOLOR=&amp;quot;white&amp;quot; FGCOLOR=&amp;quot;black&amp;quot;&amp;gt;
&amp;lt;FONT FACE=&amp;quot;Helvetica,Arial&amp;quot;&amp;gt;&amp;lt;B&amp;gt;
 Connection Timed Out&amp;lt;/B&amp;gt;&amp;lt;/FONT&amp;gt;

&amp;lt;!-- default &amp;quot;Connection Timed Out&amp;quot; response (504) --&amp;gt;
&amp;lt;/BODY&amp;gt;

Build info: version: &amp;apos;3.13.0&amp;apos;, revision: &amp;apos;2f0d292&amp;apos;, time: &amp;apos;2018-06-25T15:24:21.231Z&amp;apos;
System info: host: &amp;apos;E0363753&amp;apos;, ip: &amp;apos;192.168.42.152&amp;apos;, os.name: &amp;apos;Windows 10&amp;apos;, os.arch: &amp;apos;amd64&amp;apos;, os.version: &amp;apos;10.0&amp;apos;, java.version: &amp;apos;1.8.0_171&amp;apos;
Driver info: driver.version: RemoteWebDriver">
      <![CDATA[org.openqa.selenium.WebDriverException: Unable to parse remote response: <HEAD><TITLE>Connection Timed Out</TITLE></HEAD>
<BODY BGCOLOR="white" FGCOLOR="black">
<FONT FACE="Helvetica,Arial"><B>
 Connection Timed Out</B></FONT>

<!-- default "Connection Timed Out" response (504) -->
</BODY>

Build info: version: '3.13.0', revision: '2f0d292', time: '2018-06-25T15:24:21.231Z'
System info: host: 'E0363753', ip: '192.168.42.152', os.name: 'Windows 10', os.arch: 'amd64', os.version: '10.0', java.version: '1.8.0_171'
Driver info: driver.version: RemoteWebDriver
at org.openqa.selenium.remote.ProtocolHandshake.createSession(ProtocolHandshake.java:111)
at org.openqa.selenium.remote.ProtocolHandshake.createSession(ProtocolHandshake.java:73)
at org.openqa.selenium.remote.HttpCommandExecutor.execute(HttpCommandExecutor.java:136)
at org.openqa.selenium.remote.RemoteWebDriver.execute(RemoteWebDriver.java:548)
at org.openqa.selenium.remote.RemoteWebDriver.startSession(RemoteWebDriver.java:212)
at org.openqa.selenium.remote.RemoteWebDriver.<init>(RemoteWebDriver.java:130)
at org.openqa.selenium.remote.RemoteWebDriver.<init>(RemoteWebDriver.java:143)
at testcases.GridBase.startGrid(GridBase.java:53)
at java.util.concurrent.FutureTask.run(Unknown Source)
at java.util.concurrent.ThreadPoolExecutor.runWorker(Unknown Source)
at java.util.concurrent.ThreadPoolExecutor$Worker.run(Unknown Source)
at java.lang.Thread.run(Unknown Source)
... Removed 15 stack frames]]>
    </failure>
  </testcase> <!-- @BeforeTest startGrid -->
  <testcase name="@AfterTest exitDriver" time="0.0" classname="testcases.GridBase">
    <skipped/>
  </testcase> <!-- @AfterTest exitDriver -->
  <testcase name="UserNavigateSuccessfully" time="0.0" classname="testcases.UserNavigateToMenuTest">
    <skipped/>
  </testcase> <!-- UserNavigateSuccessfully -->
</testsuite> <!-- Regression Test 11 -->
