<?xml version="1.0" encoding="UTF-8"?>
<testng-results skipped="0" failed="0" ignored="0" total="1" passed="1">
  <reporter-output>
  </reporter-output>
  <suite name="Suite" duration-ms="41538" started-at="2018-10-09T07:51:38Z" finished-at="2018-10-09T07:52:20Z">
    <groups>
    </groups>
    <test name="Regression Test 99" duration-ms="41538" started-at="2018-10-09T07:51:38Z" finished-at="2018-10-09T07:52:20Z">
      <class name="testcases.ChangeLanguageTest">
        <test-method status="PASS" signature="startDriver(java.lang.String)[pri:0, instance:testcases.ChangeLanguageTest@654f0d9c]" name="startDriver" is-config="true" duration-ms="33234" started-at="2018-10-09T07:51:38Z" finished-at="2018-10-09T07:52:11Z">
          <params>
            <param index="0">
              <value>
                <![CDATA[chrome]]>
              </value>
            </param>
          </params>
          <reporter-output>
          </reporter-output>
        </test-method> <!-- startDriver -->
        <test-method status="PASS" signature="ChangeLanguage()[pri:1, instance:testcases.ChangeLanguageTest@654f0d9c]" name="ChangeLanguage" duration-ms="4887" started-at="2018-10-09T07:52:12Z" finished-at="2018-10-09T07:52:17Z">
          <reporter-output>
          </reporter-output>
        </test-method> <!-- ChangeLanguage -->
        <test-method status="PASS" signature="screenShotOnFailure(org.testng.ITestResult)[pri:0, instance:testcases.ChangeLanguageTest@654f0d9c]" name="screenShotOnFailure" is-config="true" duration-ms="2159" started-at="2018-10-09T07:52:17Z" finished-at="2018-10-09T07:52:19Z">
          <params>
            <param index="0">
              <value>
                <![CDATA[[TestResult name=ChangeLanguage status=SUCCESS method=ChangeLanguageTest.ChangeLanguage()[pri:1, instance:testcases.ChangeLanguageTest@654f0d9c] output={null}]]]>
              </value>
            </param>
          </params>
          <reporter-output>
          </reporter-output>
        </test-method> <!-- screenShotOnFailure -->
        <test-method status="PASS" signature="exitDriver()[pri:0, instance:testcases.ChangeLanguageTest@654f0d9c]" name="exitDriver" is-config="true" duration-ms="991" started-at="2018-10-09T07:52:19Z" finished-at="2018-10-09T07:52:20Z">
          <reporter-output>
          </reporter-output>
        </test-method> <!-- exitDriver -->
      </class> <!-- testcases.ChangeLanguageTest -->
    </test> <!-- Regression Test 99 -->
  </suite> <!-- Suite -->
</testng-results>
